# JRE version: OpenJDK Runtime Environment Temurin-17.0.3+7 (17.0.3+7) (build 17.0.3+7)
# Java VM: OpenJDK 64-Bit Server VM Temurin-17.0.3+7 (17.0.3+7, mixed mode, sharing, tiered, compressed oops, compressed class ptrs, g1 gc, windows-amd64)
GC Precious Log:
 CPUs: 8 total, 8 available
 Memory: 16217M
 Large Page Support: Disabled
 NUMA Support: Disabled
 Compressed Oops: Enabled (Zero based)
 Heap Region Size: 2M
 Heap Min Capacity: 512M
 Heap Initial Capacity: 512M
 Heap Max Capacity: 4072M
 Pre-touch: Disabled
 Parallel Workers: 8
 Concurrent Workers: 2
 Concurrent Refinement Workers: 8
 Periodic GC: Disabled
 String Deduplication is enabled
Heap:
 garbage-first heap   total 524288K, used 208359K [0x0000000701800000, 0x0000000800000000)
  region size 2048K, 32 young (65536K), 1 survivors (2048K)
 Metaspace       used 105128K, committed 105920K, reserved 1146880K
  class space    used 15430K, committed 15808K, reserved 1048576K
GC Heap History (20 events):
Event: 2652.649 GC heap before
{Heap before GC invocations=271 (full 7):
 garbage-first heap   total 524288K, used 235936K [0x0000000701800000, 0x0000000800000000)
  region size 2048K, 40 young (81920K), 1 survivors (2048K)
 Metaspace       used 105003K, committed 105728K, reserved 1146880K
  class space    used 15421K, committed 15808K, reserved 1048576K
}
Event: 2652.650 GC heap after
{Heap after GC invocations=272 (full 7):
 garbage-first heap   total 524288K, used 156121K [0x0000000701800000, 0x0000000800000000)
  region size 2048K, 1 young (2048K), 1 survivors (2048K)
 Metaspace       used 105003K, committed 105728K, reserved 1146880K
  class space    used 15421K, committed 15808K, reserved 1048576K
}
Event: 2656.544 GC heap before
{Heap before GC invocations=272 (full 7):
 garbage-first heap   total 524288K, used 207321K [0x0000000701800000, 0x0000000800000000)
  region size 2048K, 27 young (55296K), 1 survivors (2048K)
 Metaspace       used 105039K, committed 105792K, reserved 1146880K
  class space    used 15421K, committed 15808K, reserved 1048576K
}
Event: 2656.627 GC heap after
{Heap after GC invocations=273 (full 8):
 garbage-first heap   total 524288K, used 146514K [0x0000000701800000, 0x0000000800000000)
  region size 2048K, 0 young (0K), 0 survivors (0K)
 Metaspace       used 105039K, committed 105792K, reserved 1146880K
  class space    used 15421K, committed 15808K, reserved 1048576K
}
Event: 2658.674 GC heap before
{Heap before GC invocations=273 (full 8):
 garbage-first heap   total 524288K, used 228434K [0x0000000701800000, 0x0000000800000000)
  region size 2048K, 40 young (81920K), 0 survivors (0K)
 Metaspace       used 105042K, committed 105792K, reserved 1146880K
  class space    used 15421K, committed 15808K, reserved 1048576K
}
Event: 2658.675 GC heap after
{Heap after GC invocations=274 (full 8):
 garbage-first heap   total 524288K, used 146887K [0x0000000701800000, 0x0000000800000000)
  region size 2048K, 1 young (2048K), 1 survivors (2048K)
 Metaspace       used 105042K, committed 105792K, reserved 1146880K
  class space    used 15421K, committed 15808K, reserved 1048576K
}
Event: 2659.053 GC heap before
{Heap before GC invocations=274 (full 8):
 garbage-first heap   total 524288K, used 226759K [0x0000000701800000, 0x0000000800000000)
  region size 2048K, 40 young (81920K), 1 survivors (2048K)
 Metaspace       used 105042K, committed 105792K, reserved 1146880K
  class space    used 15421K, committed 15808K, reserved 1048576K
}
Event: 2659.053 GC heap after
{Heap after GC invocations=275 (full 8):
 garbage-first heap   total 524288K, used 146847K [0x0000000701800000, 0x0000000800000000)
  region size 2048K, 1 young (2048K), 1 survivors (2048K)
 Metaspace       used 105042K, committed 105792K, reserved 1146880K
  class space    used 15421K, committed 15808K, reserved 1048576K
}
Event: 2659.498 GC heap before
{Heap before GC invocations=275 (full 8):
 garbage-first heap   total 524288K, used 226719K [0x0000000701800000, 0x0000000800000000)
  region size 2048K, 40 young (81920K), 1 survivors (2048K)
 Metaspace       used 105042K, committed 105792K, reserved 1146880K
  class space    used 15421K, committed 15808K, reserved 1048576K
}
Event: 2659.499 GC heap after
{Heap after GC invocations=276 (full 8):
 garbage-first heap   total 524288K, used 146839K [0x0000000701800000, 0x0000000800000000)
  region size 2048K, 1 young (2048K), 1 survivors (2048K)
 Metaspace       used 105042K, committed 105792K, reserved 1146880K
  class space    used 15421K, committed 15808K, reserved 1048576K
}
Event: 2660.007 GC heap before
{Heap before GC invocations=276 (full 8):
 garbage-first heap   total 524288K, used 226711K [0x0000000701800000, 0x0000000800000000)
  region size 2048K, 40 young (81920K), 1 survivors (2048K)
 Metaspace       used 105042K, committed 105792K, reserved 1146880K
  class space    used 15421K, committed 15808K, reserved 1048576K
}
Event: 2660.007 GC heap after
{Heap after GC invocations=277 (full 8):
 garbage-first heap   total 524288K, used 146875K [0x0000000701800000, 0x0000000800000000)
  region size 2048K, 1 young (2048K), 1 survivors (2048K)
 Metaspace       used 105042K, committed 105792K, reserved 1146880K
  class space    used 15421K, committed 15808K, reserved 1048576K
}
Event: 2660.733 GC heap before
{Heap before GC invocations=277 (full 8):
 garbage-first heap   total 524288K, used 226747K [0x0000000701800000, 0x0000000800000000)
  region size 2048K, 40 young (81920K), 1 survivors (2048K)
 Metaspace       used 105042K, committed 105792K, reserved 1146880K
  class space    used 15421K, committed 15808K, reserved 1048576K
}
Event: 2660.734 GC heap after
{Heap after GC invocations=278 (full 8):
 garbage-first heap   total 524288K, used 146898K [0x0000000701800000, 0x0000000800000000)
  region size 2048K, 1 young (2048K), 1 survivors (2048K)
 Metaspace       used 105042K, committed 105792K, reserved 1146880K
  class space    used 15421K, committed 15808K, reserved 1048576K
}
Event: 2661.519 GC heap before
{Heap before GC invocations=278 (full 8):
 garbage-first heap   total 524288K, used 226770K [0x0000000701800000, 0x0000000800000000)
  region size 2048K, 40 young (81920K), 1 survivors (2048K)
 Metaspace       used 105042K, committed 105792K, reserved 1146880K
  class space    used 15421K, committed 15808K, reserved 1048576K
}
Event: 2661.520 GC heap after
{Heap after GC invocations=279 (full 8):
 garbage-first heap   total 524288K, used 146856K [0x0000000701800000, 0x0000000800000000)
  region size 2048K, 1 young (2048K), 1 survivors (2048K)
 Metaspace       used 105042K, committed 105792K, reserved 1146880K
  class space    used 15421K, committed 15808K, reserved 1048576K
}
Event: 2661.816 GC heap before
{Heap before GC invocations=279 (full 8):
 garbage-first heap   total 524288K, used 226728K [0x0000000701800000, 0x0000000800000000)
  region size 2048K, 40 young (81920K), 1 survivors (2048K)
 Metaspace       used 105042K, committed 105792K, reserved 1146880K
  class space    used 15421K, committed 15808K, reserved 1048576K
}
Event: 2661.817 GC heap after
{Heap after GC invocations=280 (full 8):
 garbage-first heap   total 524288K, used 146885K [0x0000000701800000, 0x0000000800000000)
  region size 2048K, 1 young (2048K), 1 survivors (2048K)
 Metaspace       used 105042K, committed 105792K, reserved 1146880K
  class space    used 15421K, committed 15808K, reserved 1048576K
}
Event: 2663.574 GC heap before
{Heap before GC invocations=280 (full 8):
 garbage-first heap   total 524288K, used 226757K [0x0000000701800000, 0x0000000800000000)
  region size 2048K, 40 young (81920K), 1 survivors (2048K)
 Metaspace       used 105054K, committed 105792K, reserved 1146880K
  class space    used 15423K, committed 15808K, reserved 1048576K
}
Event: 2663.575 GC heap after
{Heap after GC invocations=281 (full 8):
 garbage-first heap   total 524288K, used 146919K [0x0000000701800000, 0x0000000800000000)
  region size 2048K, 1 young (2048K), 1 survivors (2048K)
 Metaspace       used 105054K, committed 105792K, reserved 1146880K
  class space    used 15423K, committed 15808K, reserved 1048576K
}

